Mdi:ArrangeIcons
wm geometry . 900x785+150+216
Mdi:ArrangeIcons
Mdi:ArrangeIcons
Mdi:ArrangeIcons
Mdi:ArrangeIcons
Mdi:ArrangeIcons
Mdi:ArrangeIcons
Mdi:ArrangeIcons
Mdi:ArrangeIcons
Mdi:ArrangeIcons
Mdi:ArrangeIcons
wm geometry . 900x785+162+210
Mdi:ArrangeIcons
Mdi:ArrangeIcons
Mdi:ArrangeIcons
wm geometry . 950x502+162+210
Mdi:ArrangeIcons
Mdi:ArrangeIcons
Mdi:ArrangeIcons
Mdi:ArrangeIcons
Mdi:ArrangeIcons
Mdi:ArrangeIcons
Mdi:ArrangeIcons
Mdi:ArrangeIcons
Mdi:ArrangeIcons
Mdi:ArrangeIcons
Mdi:ArrangeIcons
Mdi:ArrangeIcons
Mdi:ArrangeIcons
Mdi:ArrangeIcons
Mdi:ArrangeIcons
Mdi:ArrangeIcons
Mdi:ArrangeIcons
Mdi:ArrangeIcons
Mdi:ArrangeIcons
Mdi:ArrangeIcons
Mdi:ArrangeIcons
Mdi:ArrangeIcons
Mdi:ArrangeIcons
Mdi:ArrangeIcons
Mdi:ArrangeIcons
Mdi:ArrangeIcons
Mdi:ArrangeIcons
Mdi:ArrangeIcons
Mdi:ArrangeIcons
Mdi:ArrangeIcons
Mdi:ArrangeIcons
Mdi:ArrangeIcons
Mdi:ArrangeIcons
Mdi:ArrangeIcons
Mdi:ArrangeIcons
Mdi:ArrangeIcons
Mdi:ArrangeIcons
Mdi:ArrangeIcons
Mdi:ArrangeIcons
Mdi:ArrangeIcons
Mdi:ArrangeIcons
Mdi:ArrangeIcons
Mdi:ArrangeIcons
wm geometry . 900x785+162+210
Mdi:ArrangeIcons
Mdi:ArrangeIcons
Mdi:ArrangeIcons
Mdi:ArrangeIcons
Mdi:ArrangeIcons
Mdi:ArrangeIcons
Mdi:ArrangeIcons
Mdi:ArrangeIcons
Mdi:ArrangeIcons
Mdi:ArrangeIcons
Mdi:ArrangeIcons
Mdi:ArrangeIcons
Mdi:ArrangeIcons
Mdi:ArrangeIcons
Mdi:ArrangeIcons
Mdi:ArrangeIcons
Mdi:ArrangeIcons
Mdi:ArrangeIcons
Mdi:ArrangeIcons
Mdi:ArrangeIcons
Mdi:ArrangeIcons
Mdi:ArrangeIcons
Mdi:ArrangeIcons
Mdi:ArrangeIcons
Mdi:ArrangeIcons
Mdi:ArrangeIcons
Mdi:ArrangeIcons
Mdi:ArrangeIcons
Mdi:ArrangeIcons
Mdi:ArrangeIcons
Mdi:ArrangeIcons
Mdi:ArrangeIcons
Mdi:ArrangeIcons
Mdi:ArrangeIcons
Mdi:ArrangeIcons
wm geometry . 900x785+173+203
Mdi:ArrangeIcons
wm geometry . 900x785+184+197
Mdi:ArrangeIcons
wm geometry . 900x785+190+192
Mdi:ArrangeIcons
wm geometry . 900x785+192+190
Mdi:ArrangeIcons
wm geometry . 900x785+194+187
Mdi:ArrangeIcons
Mdi:ArrangeIcons
wm geometry . 900x785+196+185
Mdi:ArrangeIcons
wm geometry . 900x785+197+183
Mdi:ArrangeIcons
wm geometry . 900x785+198+180
Mdi:ArrangeIcons
wm geometry . 900x785+198+178
Mdi:ArrangeIcons
wm geometry . 900x785+199+176
Mdi:ArrangeIcons
wm geometry . 900x785+199+172
Mdi:ArrangeIcons
wm geometry . 900x785+200+167
Mdi:ArrangeIcons
wm geometry . 900x785+200+159
Mdi:ArrangeIcons
wm geometry . 900x785+200+150
Mdi:ArrangeIcons
wm geometry . 900x785+199+139
Mdi:ArrangeIcons
wm geometry . 900x785+194+127
Mdi:ArrangeIcons
wm geometry . 900x785+191+120
Mdi:ArrangeIcons
wm geometry . 900x785+184+108
Mdi:ArrangeIcons
Mdi:ArrangeIcons
wm geometry . 900x785+177+100
Mdi:ArrangeIcons
Mdi:ArrangeIcons
wm geometry . 900x785+173+96
Mdi:ArrangeIcons
wm geometry . 900x785+170+92
Mdi:ArrangeIcons
wm geometry . 900x785+168+90
Mdi:ArrangeIcons
wm geometry . 900x785+168+88
Mdi:ArrangeIcons
wm geometry . 900x785+167+87
Mdi:ArrangeIcons
wm geometry . 900x785+166+86
Mdi:ArrangeIcons
wm geometry . 900x785+166+85
Mdi:ArrangeIcons
wm geometry . 900x785+166+84
Mdi:ArrangeIcons
wm geometry . 900x785+165+80
Mdi:ArrangeIcons
wm geometry . 900x785+164+78
Mdi:ArrangeIcons
wm geometry . 900x785+160+73
Mdi:ArrangeIcons
wm geometry . 900x785+156+69
Mdi:ArrangeIcons
wm geometry . 900x785+154+66
Mdi:ArrangeIcons
wm geometry . 900x785+152+65
Mdi:ArrangeIcons
wm geometry . 900x785+150+64
Mdi:ArrangeIcons
wm geometry . 900x785+148+64
Mdi:ArrangeIcons
wm geometry . 900x785+144+63
Mdi:ArrangeIcons
Mdi:ArrangeIcons
wm geometry . 900x785+142+62
Mdi:ArrangeIcons
Mdi:ArrangeIcons
wm geometry . 900x785+138+62
Mdi:ArrangeIcons
wm geometry . 900x785+133+62
Mdi:ArrangeIcons
wm geometry . 900x785+127+61
Mdi:ArrangeIcons
wm geometry . 900x785+121+61
Mdi:ArrangeIcons
wm geometry . 900x785+116+60
Mdi:ArrangeIcons
wm geometry . 900x785+113+60
Mdi:ArrangeIcons
wm geometry . 900x785+110+60
Mdi:ArrangeIcons
wm geometry . 900x785+104+59
Mdi:ArrangeIcons
wm geometry . 900x785+95+57
Mdi:ArrangeIcons
wm geometry . 900x785+90+56
Mdi:ArrangeIcons
wm geometry . 900x785+88+56
Mdi:ArrangeIcons
wm geometry . 900x785+86+56
Mdi:ArrangeIcons
Mdi:ArrangeIcons
wm geometry . 900x785+84+56
Mdi:ArrangeIcons
Mdi:ArrangeIcons
wm geometry . 900x785+82+55
Mdi:ArrangeIcons
wm geometry . 900x785+77+54
Mdi:ArrangeIcons
wm geometry . 900x785+71+54
Mdi:ArrangeIcons
wm geometry . 900x785+65+53
Mdi:ArrangeIcons
wm geometry . 900x785+59+52
Mdi:ArrangeIcons
wm geometry . 900x785+53+52
Mdi:ArrangeIcons
wm geometry . 900x785+49+52
Mdi:ArrangeIcons
wm geometry . 900x785+47+52
Mdi:ArrangeIcons
wm geometry . 900x785+46+52
Mdi:ArrangeIcons
wm geometry . 900x785+45+52
Mdi:ArrangeIcons
wm geometry . 900x785+44+52
Mdi:ArrangeIcons
wm geometry . 923x803+44+52
Mdi:ArrangeIcons
wm geometry . 971x840+44+52
Mdi:ArrangeIcons
wm geometry . 1007x866+44+52
Mdi:ArrangeIcons
wm geometry . 1020x876+44+52
Mdi:ArrangeIcons
wm geometry . 1064x909+44+52
Mdi:ArrangeIcons
wm geometry . 1079x921+44+52
Mdi:ArrangeIcons
wm geometry . 1119x948+44+52
Mdi:ArrangeIcons
wm geometry . 1129x956+44+52
Mdi:ArrangeIcons
wm geometry . 1167x984+44+52
Mdi:ArrangeIcons
wm geometry . 1192x998+44+52
Mdi:ArrangeIcons
wm geometry . 1210x1010+44+52
Mdi:ArrangeIcons
wm geometry . 1221x1019+44+52
Mdi:ArrangeIcons
wm geometry . 1223x1020+44+52
Mdi:ArrangeIcons
wm geometry . 1224x1022+44+52
Mdi:ArrangeIcons
wm geometry . 1226x1028+44+52
Mdi:ArrangeIcons
wm geometry . 1227x1031+44+52
Mdi:ArrangeIcons
wm geometry . 1227x1034+44+52
Mdi:ArrangeIcons
wm geometry . 1228x1036+44+52
Mdi:ArrangeIcons
wm geometry . 1228x1037+44+52
Mdi:FullSize
ScopeSigMgr:loadpffile /filespace/w/wsan3/ece555/ECE555/Multiplexer_copy/testmux.tr0 1 openonly
# PF:1
wm geometry .sigmgr._PF:1 290x358+960+600
wm geometry .sigmgr 467x236+820+172
wm geometry .sigmgr 467x236+845+179
wm geometry .sigmgr 467x236+897+187
wm geometry .sigmgr 467x236+959+193
wm geometry .sigmgr 467x236+987+197
wm geometry .sigmgr 467x236+1051+201
wm geometry .sigmgr 467x236+1109+201
wm geometry .sigmgr 467x236+1159+201
wm geometry .sigmgr 467x236+1201+201
wm geometry .sigmgr 467x236+1229+201
wm geometry .sigmgr 467x236+1253+199
wm geometry .sigmgr 467x236+1277+197
wm geometry .sigmgr 467x236+1304+192
wm geometry .sigmgr 467x236+1319+190
wm geometry .sigmgr 467x236+1330+188
wm geometry .sigmgr 467x236+1340+187
wm geometry .sigmgr 467x236+1344+186
wm geometry .sigmgr._PF:1 290x358+972+597
wm geometry .sigmgr._PF:1 290x358+978+596
wm geometry .sigmgr._PF:1 290x358+1008+591
wm geometry .sigmgr._PF:1 290x358+1052+579
wm geometry .sigmgr._PF:1 290x358+1078+575
wm geometry .sigmgr._PF:1 290x358+1102+569
wm geometry .sigmgr._PF:1 290x358+1126+563
wm geometry .sigmgr._PF:1 290x358+1168+551
wm geometry .sigmgr._PF:1 290x358+1205+537
wm geometry .sigmgr._PF:1 290x358+1234+526
wm geometry .sigmgr._PF:1 290x358+1265+514
wm geometry .sigmgr._PF:1 290x358+1295+501
wm geometry .sigmgr._PF:1 290x358+1337+483
wm geometry .sigmgr._PF:1 290x358+1372+466
wm geometry .sigmgr._PF:1 290x358+1407+452
wm geometry .sigmgr._PF:1 290x358+1431+442
wm geometry .sigmgr._PF:1 290x358+1443+437
wm geometry .sigmgr._PF:1 290x358+1448+435
wm geometry .sigmgr._PF:1 290x358+1448+434
wm geometry .sigmgr._PF:1 290x358+1449+434
wm geometry .sigmgr._PF:1 290x372+1449+434
wm geometry .sigmgr._PF:1 290x400+1449+434
wm geometry .sigmgr._PF:1 290x424+1449+434
wm geometry .sigmgr._PF:1 290x450+1449+434
wm geometry .sigmgr._PF:1 290x477+1449+434
wm geometry .sigmgr._PF:1 290x498+1449+434
wm geometry .sigmgr._PF:1 290x509+1449+434
wm geometry .sigmgr._PF:1 290x516+1449+434
wm geometry .sigmgr._PF:1 290x531+1449+434
wm geometry .sigmgr._PF:1 290x536+1449+434
wm geometry .sigmgr._PF:1 290x539+1449+434
wm geometry .sigmgr._PF:1 290x542+1449+434
wm geometry .sigmgr._PF:1 290x548+1449+434
wm geometry .sigmgr._PF:1 290x554+1449+434
wm geometry .sigmgr._PF:1 290x559+1449+434
wm geometry .sigmgr._PF:1 290x563+1449+434
wm geometry .sigmgr._PF:1 290x565+1449+434
wm geometry .sigmgr._PF:1 290x568+1449+434
wm geometry .sigmgr._PF:1 290x572+1449+434
wm geometry .sigmgr._PF:1 290x576+1449+434
wm geometry .sigmgr._PF:1 290x576+1437+443
wm geometry .sigmgr._PF:1 290x576+1425+454
wm geometry .sigmgr._PF:1 290x576+1419+460
wm geometry .sigmgr._PF:1 290x576+1407+471
wm geometry .sigmgr._PF:1 290x576+1394+483
wm geometry .sigmgr._PF:1 290x576+1383+494
wm geometry .sigmgr._PF:1 290x576+1377+500
wm geometry .sigmgr._PF:1 290x576+1373+504
wm geometry .sigmgr._PF:1 290x576+1371+506
wm geometry .sigmgr._PF:1 290x576+1370+507
wm geometry .sigmgr._PF:1 290x576+1369+508
wm geometry .sigmgr._PF:1 290x576+1368+508
pf:read PF:1 v(a) v(b) v(f) v(s)
# WF:1:1 WF:1:2 WF:1:3 WF:1:4
Graph addsignal {WF:1:1 WF:1:2 WF:1:3 WF:1:4} -region {new new new new} -yview {real(y) real(y) real(y) real(y)} -xview {real(x) real(x) real(x) real(x)} -tracehi {2 2 2 2}
# Signal0 Signal1 Signal2 Signal3
ScopeSigMgr:loadpffile /filespace/w/wsan3/ece555/ECE555/MUX_1S_2B_copy/testp.tr0 1 openonly
# PF:2
wm geometry .sigmgr._PF:2 290x358+990+630
wm geometry .sigmgr._PF:2 290x358+1008+623
wm geometry .sigmgr._PF:2 290x358+1034+612
wm geometry .sigmgr._PF:2 290x358+1074+592
wm geometry .sigmgr._PF:2 290x358+1118+576
wm geometry .sigmgr._PF:2 290x358+1162+558
wm geometry .sigmgr._PF:2 290x358+1202+542
wm geometry .sigmgr._PF:2 290x358+1234+527
wm geometry .sigmgr._PF:2 290x358+1257+517
wm geometry .sigmgr._PF:2 290x358+1279+506
wm geometry .sigmgr._PF:2 290x358+1302+498
wm geometry .sigmgr._PF:2 290x358+1325+490
wm geometry .sigmgr._PF:2 290x358+1338+485
wm geometry .sigmgr._PF:2 290x358+1348+482
wm geometry .sigmgr._PF:2 290x358+1352+481
wm geometry .sigmgr._PF:2 290x358+1363+478
wm geometry .sigmgr._PF:2 290x358+1373+475
wm geometry .sigmgr._PF:2 290x358+1390+471
wm geometry .sigmgr._PF:2 290x358+1405+469
wm geometry .sigmgr._PF:2 290x358+1416+469
wm geometry .sigmgr._PF:2 290x358+1424+469
wm geometry .sigmgr._PF:2 290x358+1429+469
wm geometry .sigmgr._PF:2 290x358+1433+469
wm geometry .sigmgr._PF:2 290x358+1435+468
wm geometry .sigmgr._PF:2 290x358+1437+468
wm geometry .sigmgr._PF:2 290x358+1438+467
wm geometry .sigmgr._PF:2 290x366+1438+467
wm geometry .sigmgr._PF:2 290x370+1438+467
wm geometry .sigmgr._PF:2 290x380+1438+467
wm geometry .sigmgr._PF:2 290x388+1438+467
wm geometry .sigmgr._PF:2 290x401+1438+467
wm geometry .sigmgr._PF:2 290x429+1438+467
wm geometry .sigmgr._PF:2 290x446+1438+467
wm geometry .sigmgr._PF:2 290x484+1438+467
wm geometry .sigmgr._PF:2 290x523+1438+467
wm geometry .sigmgr._PF:2 290x564+1438+467
wm geometry .sigmgr._PF:2 290x598+1438+467
wm geometry .sigmgr._PF:2 290x623+1438+467
wm geometry .sigmgr._PF:2 290x638+1438+467
wm geometry .sigmgr._PF:2 290x653+1438+467
wm geometry .sigmgr._PF:2 290x662+1438+467
wm geometry .sigmgr._PF:2 290x665+1438+467
wm geometry .sigmgr._PF:2 290x669+1438+467
wm geometry .sigmgr._PF:2 290x681+1438+467
wm geometry .sigmgr._PF:2 290x688+1438+467
wm geometry .sigmgr._PF:2 290x694+1438+467
wm geometry .sigmgr._PF:2 290x700+1438+467
GrXY:NewGraph
# Graph1
pf:read PF:2 v(f<0>) v(f<1>) v(a<0>) v(a<1>) v(b<0>) v(b<1>)
# WF:2:1 WF:2:2 WF:2:3 WF:2:4 WF:2:5 WF:2:6
Graph addsignal {WF:2:1 WF:2:2 WF:2:3 WF:2:4 WF:2:5 WF:2:6} -region {new new new new new new} -yview {real(y) real(y) real(y) real(y) real(y) real(y)} -xview {real(x) real(x) real(x) real(x) real(x) real(x)} -tracehi {2 2 2 2 2 2}
# Signal0 Signal1 Signal2 Signal3 Signal4 Signal5
Mdi:FullSize
Graph:DSel
Graph:Select Graph1
Graph axisconfig {AxisX(0) AxisY(0,0) AxisY(1,0) AxisY(2,0) AxisY(3,0) AxisY(4,0) AxisY(5,0)} -range {all all all all all all all} -zoomed {0 0 0 0 0 0 0}
Graph:DSel
pf:read PF:2 v(s)
# WF:2:7
Graph addsignal WF:2:7 -region new -yview real(y) -xview real(x) -tracehi 2
# Signal6
wm geometry .sigmgr._PF:2 290x700+1438+466
ScopeSigMgr:loadpffile /filespace/w/wsan3/ece555/ECE555/MULT_2bit_copy/test.tr0 1 openonly
# PF:3
wm geometry .sigmgr._PF:3 290x358+1020+660
wm geometry .sigmgr._PF:3 290x358+1041+654
wm geometry .sigmgr._PF:3 290x358+1080+647
wm geometry .sigmgr._PF:3 290x358+1130+629
wm geometry .sigmgr._PF:3 290x358+1158+621
wm geometry .sigmgr._PF:3 290x358+1216+595
wm geometry .sigmgr._PF:3 290x358+1268+569
wm geometry .sigmgr._PF:3 290x358+1310+541
wm geometry .sigmgr._PF:3 290x358+1340+518
wm geometry .sigmgr._PF:3 290x358+1355+504
wm geometry .sigmgr._PF:3 290x358+1363+495
wm geometry .sigmgr._PF:3 290x358+1370+486
wm geometry .sigmgr._PF:3 290x358+1373+481
wm geometry .sigmgr._PF:3 290x358+1375+477
wm geometry .sigmgr._PF:3 290x358+1376+473
wm geometry .sigmgr._PF:3 290x358+1377+469
wm geometry .sigmgr._PF:3 290x358+1377+467
wm geometry .sigmgr._PF:3 290x358+1379+461
wm geometry .sigmgr._PF:3 290x358+1382+455
wm geometry .sigmgr._PF:3 290x358+1385+451
wm geometry .sigmgr._PF:3 290x371+1385+451
wm geometry .sigmgr._PF:3 290x403+1385+451
wm geometry .sigmgr._PF:3 290x447+1385+451
wm geometry .sigmgr._PF:3 290x469+1385+451
wm geometry .sigmgr._PF:3 290x535+1385+451
wm geometry .sigmgr._PF:3 290x554+1385+451
wm geometry .sigmgr._PF:3 290x580+1385+451
wm geometry .sigmgr._PF:3 290x599+1385+451
wm geometry .sigmgr._PF:3 290x620+1385+451
wm geometry .sigmgr._PF:3 290x644+1385+451
wm geometry .sigmgr._PF:3 290x673+1385+451
wm geometry .sigmgr._PF:3 290x699+1385+451
wm geometry .sigmgr._PF:3 290x719+1385+451
pf:read PF:3 v(a<0>) v(a<1>) v(b<0>) v(b<1>) v(f<0>) v(f<1>)
# WF:3:1 WF:3:2 WF:3:3 WF:3:4 WF:3:5 WF:3:6
Graph addsignal {WF:3:1 WF:3:2 WF:3:3 WF:3:4 WF:3:5 WF:3:6} -region {new new new new new new} -yview {real(y) real(y) real(y) real(y) real(y) real(y)} -xview {real(x) real(x) real(x) real(x) real(x) real(x)} -tracehi {2 2 2 2 2 2}
# Signal7 Signal8 Signal9 Signal10 Signal11 Signal12
wm geometry .sigmgr._PF:3 290x719+1385+447
Graph:DSel
Graph:Select Graph1
Graph:DSel
Graph itemselect Signal6 add
# Signal6
Graph itemselect Signal6 rem
Graph delsignal Signal6
GrXY:NewGraph
# Graph2
pf:read PF:3 v(a<0>) v(a<1>) v(b<0>) v(b<1>) v(f<0>) v(f<1>)
# WF:3:1 WF:3:2 WF:3:3 WF:3:4 WF:3:5 WF:3:6
Graph addsignal {WF:3:1 WF:3:2 WF:3:3 WF:3:4 WF:3:5 WF:3:6} -region {new new new new new new} -yview {real(y) real(y) real(y) real(y) real(y) real(y)} -xview {real(x) real(x) real(x) real(x) real(x) real(x)} -tracehi {2 2 2 2 2 2}
# Signal0 Signal1 Signal2 Signal3 Signal4 Signal5
Mdi:FullSize
ScopeSigMgr:Unload 0 {{(3) test.tr0}}
Graph2 delsignal Signal0
Graph2 delsignal Signal1
Graph2 delsignal Signal2
Graph2 delsignal Signal3
Graph2 delsignal Signal4
Graph2 delsignal Signal5
ScopeSigMgr:Unload 0 {{(2) testp.tr0}}
ScopeSigMgr:Unload 0 {{(1) testmux.tr0}}
Mdi:ArrangeIcons
wm geometry . 1228x1037+36+47
Mdi:ArrangeIcons
wm geometry . 1228x1037+35+46
Mdi:ArrangeIcons
wm geometry . 1228x1037+32+31
Mdi:ArrangeIcons
wm geometry . 1228x1037+31+31
Mdi:ArrangeIcons
wm geometry . 1228x1037+29+31
Mdi:ArrangeIcons
wm geometry . 1228x1037+28+31
Mdi:ArrangeIcons
wm geometry . 1228x1037+27+31
Mdi:ArrangeIcons
wm geometry . 1228x1037+26+31
Mdi:ArrangeIcons
wm geometry . 1228x1037+25+31
Mdi:ArrangeIcons
wm geometry . 1228x1037+24+31
Mdi:ArrangeIcons
wm geometry . 1228x1037+23+31
Mdi:ArrangeIcons
wm geometry . 1228x1037+22+31
Mdi:ArrangeIcons
wm geometry . 1228x1037+21+31
Mdi:ArrangeIcons
wm geometry . 1228x1037+19+31
Mdi:ArrangeIcons
Mdi:ArrangeIcons
wm geometry . 1228x1037+18+31
Mdi:ArrangeIcons
wm geometry . 1228x1037+16+31
Mdi:ArrangeIcons
wm geometry . 1228x1037+15+31
Mdi:ArrangeIcons
wm geometry . 1228x1037+14+31
Mdi:ArrangeIcons
wm geometry . 1228x1037+13+31
Mdi:ArrangeIcons
wm geometry . 1228x1037+12+31
Mdi:ArrangeIcons
wm geometry . 1228x1037+11+31
Mdi:ArrangeIcons
wm geometry . 1228x1037+0+31
Mdi:ArrangeIcons
wm geometry . 1243x1038+0+31
Mdi:ArrangeIcons
wm geometry . 1256x1041+0+31
Mdi:ArrangeIcons
wm geometry . 1272x1044+0+31
Mdi:ArrangeIcons
wm geometry . 1284x1047+0+31
Mdi:ArrangeIcons
wm geometry . 1302x1049+0+31
Mdi:ArrangeIcons
wm geometry . 1321x1052+0+31
Mdi:ArrangeIcons
wm geometry . 1344x1056+0+31
Mdi:ArrangeIcons
wm geometry . 1352x1058+0+31
Mdi:ArrangeIcons
wm geometry . 1357x1059+0+31
Mdi:ArrangeIcons
wm geometry . 1362x1060+0+31
Mdi:ArrangeIcons
wm geometry . 1368x1071+0+31
Mdi:ArrangeIcons
wm geometry . 1373x1071+0+31
Mdi:ArrangeIcons
wm geometry . 1377x1071+0+31
Mdi:ArrangeIcons
wm geometry . 1382x1071+0+31
Mdi:ArrangeIcons
wm geometry . 1396x1071+0+31
Mdi:ArrangeIcons
wm geometry . 1406x1071+0+31
Mdi:ArrangeIcons
wm geometry . 1419x1071+0+31
Mdi:ArrangeIcons
wm geometry . 1430x1071+0+31
Mdi:ArrangeIcons
wm geometry . 1435x1071+0+31
Mdi:ArrangeIcons
wm geometry . 1438x1071+0+31
Mdi:ArrangeIcons
wm geometry . 1441x1071+0+31
Mdi:ArrangeIcons
wm geometry . 1444x1071+0+31
Mdi:ArrangeIcons
wm geometry . 1448x1071+0+31
Mdi:ArrangeIcons
wm geometry . 1453x1071+0+31
Mdi:ArrangeIcons
wm geometry . 1454x1071+0+31
Mdi:ArrangeIcons
wm geometry . 1455x1071+0+31
Mdi:ArrangeIcons
wm geometry . 1459x1071+0+31
Mdi:ArrangeIcons
wm geometry . 1460x1071+0+31
Mdi:ArrangeIcons
wm geometry . 1461x1071+0+31
Mdi:ArrangeIcons
wm geometry . 1462x1071+0+31
Mdi:ArrangeIcons
wm geometry . 1463x1071+0+31
Mdi:ArrangeIcons
wm geometry . 1464x1071+0+31
Mdi:ArrangeIcons
wm geometry . 1465x1071+0+31
ScopeSigMgr:loadpffile /filespace/w/wsan3/ece555/ECE555/NEURON_copy/testp.tr0 1 openonly
# PF:4
wm geometry .sigmgr._PF:4 290x358+960+600
wm geometry .sigmgr._PF:4 290x358+978+606
wm geometry .sigmgr._PF:4 290x358+989+609
wm geometry .sigmgr._PF:4 290x358+1026+617
wm geometry .sigmgr._PF:4 290x358+1052+621
wm geometry .sigmgr._PF:4 290x358+1110+629
wm geometry .sigmgr._PF:4 290x358+1166+635
wm geometry .sigmgr._PF:4 290x358+1226+641
wm geometry .sigmgr._PF:4 290x358+1280+647
wm geometry .sigmgr._PF:4 290x358+1324+653
wm geometry .sigmgr._PF:4 290x358+1355+658
wm geometry .sigmgr._PF:4 290x358+1376+663
wm geometry .sigmgr._PF:4 290x358+1391+667
wm geometry .sigmgr._PF:4 290x358+1402+669
wm geometry .sigmgr._PF:4 290x358+1414+674
wm geometry .sigmgr._PF:4 290x358+1426+680
wm geometry .sigmgr._PF:4 290x358+1433+684
wm geometry .sigmgr._PF:4 290x358+1437+687
wm geometry .sigmgr._PF:4 290x358+1443+692
wm geometry .sigmgr._PF:4 290x358+1448+695
wm geometry .sigmgr._PF:4 290x358+1453+698
wm geometry .sigmgr._PF:4 290x358+1457+699
wm geometry .sigmgr._PF:4 290x358+1462+701
wm geometry .sigmgr._PF:4 290x358+1466+704
wm geometry .sigmgr._PF:4 290x358+1469+705
wm geometry .sigmgr._PF:4 290x358+1473+708
wm geometry .sigmgr._PF:4 290x358+1478+713
wm geometry .sigmgr._PF:4 290x358+1490+722
wm geometry .sigmgr._PF:4 290x358+1498+729
wm geometry .sigmgr._PF:4 290x358+1502+732
wm geometry .sigmgr._PF:4 290x358+1505+735
wm geometry .sigmgr._PF:4 290x358+1507+736
wm geometry .sigmgr._PF:4 290x358+1509+738
wm geometry .sigmgr._PF:4 290x358+1510+739
wm geometry .sigmgr._PF:4 290x358+1511+741
wm geometry .sigmgr._PF:4 290x358+1512+743
wm geometry .sigmgr._PF:4 290x358+1513+746
wm geometry .sigmgr._PF:4 290x358+1514+749
wm geometry .sigmgr._PF:4 290x358+1515+752
wm geometry .sigmgr._PF:4 290x358+1515+755
wm geometry .sigmgr._PF:4 290x358+1515+757
wm geometry .sigmgr._PF:4 290x358+1515+758
wm geometry .sigmgr._PF:4 290x358+1515+759
wm geometry .sigmgr._PF:4 290x358+1515+760
wm geometry .sigmgr._PF:4 290x358+1516+761
wm geometry .sigmgr._PF:4 290x358+1516+763
wm geometry .sigmgr._PF:4 290x358+1516+766
wm geometry .sigmgr._PF:4 290x358+1517+770
wm geometry .sigmgr._PF:4 290x358+1517+772
wm geometry .sigmgr._PF:4 290x358+1517+773
wm geometry .sigmgr._PF:4 290x358+1518+774
wm geometry .sigmgr._PF:4 290x358+1518+775
wm geometry .sigmgr._PF:4 290x358+1519+775
wm geometry .sigmgr._PF:4 290x358+1519+776
wm geometry .sigmgr._PF:4 290x371+1519+763
wm geometry .sigmgr._PF:4 290x379+1519+755
wm geometry .sigmgr._PF:4 290x402+1519+732
wm geometry .sigmgr._PF:4 290x402+1519+717
wm geometry .sigmgr._PF:4 290x417+1519+717
wm geometry .sigmgr._PF:4 290x429+1519+705
wm geometry .sigmgr._PF:4 290x455+1519+679
wm geometry .sigmgr._PF:4 290x455+1519+664
wm geometry .sigmgr._PF:4 290x470+1519+664
wm geometry .sigmgr._PF:4 290x503+1519+631
wm geometry .sigmgr._PF:4 290x530+1519+604
wm geometry .sigmgr._PF:4 290x548+1519+586
wm geometry .sigmgr._PF:4 290x564+1519+570
wm geometry .sigmgr._PF:4 290x579+1519+555
wm geometry .sigmgr._PF:4 290x596+1519+538
wm geometry .sigmgr._PF:4 290x611+1519+523
wm geometry .sigmgr._PF:4 290x623+1519+511
wm geometry .sigmgr._PF:4 290x635+1519+499
wm geometry .sigmgr._PF:4 290x644+1519+490
wm geometry .sigmgr._PF:4 290x661+1519+473
wm geometry .sigmgr._PF:4 290x676+1519+458
wm geometry .sigmgr._PF:4 290x676+1519+452
wm geometry .sigmgr._PF:4 290x682+1519+452
wm geometry .sigmgr._PF:4 290x691+1519+443
wm geometry .sigmgr._PF:4 290x702+1519+432
wm geometry .sigmgr._PF:4 290x713+1519+421
wm geometry .sigmgr._PF:4 290x721+1519+413
wm geometry .sigmgr._PF:4 290x730+1519+404
wm geometry .sigmgr._PF:4 290x738+1519+396
wm geometry .sigmgr._PF:4 290x742+1519+392
wm geometry .sigmgr._PF:4 290x746+1519+388
wm geometry .sigmgr._PF:4 290x750+1519+384
wm geometry .sigmgr._PF:4 290x750+1519+382
wm geometry .sigmgr._PF:4 290x752+1519+382
wm geometry .sigmgr._PF:4 290x754+1519+380
wm geometry .sigmgr._PF:4 290x756+1519+378
wm geometry .sigmgr._PF:4 290x756+1519+377
wm geometry .sigmgr._PF:4 290x757+1519+377
wm geometry .sigmgr._PF:4 290x759+1519+374
wm geometry .sigmgr._PF:4 290x760+1519+374
wm geometry .sigmgr._PF:4 290x761+1519+373
wm geometry .sigmgr._PF:4 290x762+1519+372
wm geometry .sigmgr._PF:4 290x763+1519+371
pf:read PF:4 v(w00<0>) v(w00<1>) v(w10<0>) v(w10<1>) v(w20<0>) v(w20<1>) v(w20<2>) v(x0<0>) v(x0<1>) v(x1<0>) v(x1<1>) v(z<0>) v(z<1>) v(z<2>)
# WF:4:1 WF:4:2 WF:4:3 WF:4:4 WF:4:5 WF:4:6 WF:4:7 WF:4:8 WF:4:9 WF:4:10 WF:4:11 WF:4:12 WF:4:13 WF:4:14
Graph addsignal {WF:4:1 WF:4:2 WF:4:3 WF:4:4 WF:4:5 WF:4:6 WF:4:7 WF:4:8 WF:4:9 WF:4:10 WF:4:11 WF:4:12 WF:4:13 WF:4:14} -region {new new new new new new new new new new new new new new} -yview {real(y) real(y) real(y) real(y) real(y) real(y) real(y) real(y) real(y) real(y) real(y) real(y) real(y) real(y)} -xview {real(x) real(x) real(x) real(x) real(x) real(x) real(x) real(x) real(x) real(x) real(x) real(x) real(x) real(x)} -tracehi {2 2 2 2 2 2 2 2 2 2 2 2 2 2}
# Signal0 Signal1 Signal2 Signal3 Signal4 Signal5 Signal6 Signal7 Signal8 Signal9 Signal10 Signal11 Signal12 Signal13
wm geometry .sigmgr 467x236+1352+185
wm geometry .sigmgr 467x236+1356+184
wm geometry .sigmgr 467x236+1359+182
wm geometry .sigmgr 467x236+1362+181
wm geometry .sigmgr 467x236+1365+179
wm geometry .sigmgr 467x236+1369+178
wm geometry .sigmgr 467x236+1371+177
wm geometry .sigmgr 467x236+1373+177
wm geometry .sigmgr 467x236+1374+176
wm geometry .sigmgr 467x236+1379+175
wm geometry .sigmgr 467x236+1382+174
wm geometry .sigmgr 467x236+1385+174
wm geometry .sigmgr 467x236+1389+174
wm geometry .sigmgr 467x236+1391+174
wm geometry .sigmgr 467x236+1392+174
wm geometry .sigmgr 467x236+1393+174
wm geometry .sigmgr 467x236+1395+174
wm geometry .sigmgr 467x236+1396+174
wm geometry .sigmgr 467x236+1397+174
wm geometry .sigmgr 467x236+1399+174
wm geometry .sigmgr 467x236+1400+174
wm geometry .sigmgr 467x236+1401+174
Graph:DSel
Graph:Select Graph2
Graph axisconfig {AxisY(13,0) AxisX(0)} -range {{0.33745208881088 -1.8068992643989} {632.85n 754.722n}}
wm geometry .sigmgr 467x236+1402+159
wm geometry .sigmgr 467x236+1404+148
wm geometry .sigmgr 467x236+1405+139
wm geometry .sigmgr 467x236+1406+130
wm geometry .sigmgr 467x236+1407+125
wm geometry .sigmgr 467x236+1408+121
wm geometry .sigmgr 467x236+1408+117
wm geometry .sigmgr 467x236+1409+115
wm geometry .sigmgr 467x236+1410+113
wm geometry .sigmgr 467x236+1411+110
wm geometry .sigmgr 467x236+1412+109
wm geometry .sigmgr 467x236+1413+107
wm geometry .sigmgr 467x236+1414+106
wm geometry .sigmgr 467x236+1415+105
wm geometry .sigmgr 467x236+1416+105
wm geometry .sigmgr 467x236+1416+104
Graph axisconfig {AxisX(0) AxisY(0,0) AxisY(1,0) AxisY(10,0) AxisY(11,0) AxisY(12,0) AxisY(13,0) AxisY(2,0) AxisY(3,0) AxisY(4,0) AxisY(5,0) AxisY(6,0) AxisY(7,0) AxisY(8,0) AxisY(9,0)} -range {all all all all all all all all all all all all all all all} -zoomed {0 0 0 0 0 0 0 0 0 0 0 0 0 0 0}
Graph axisconfig {AxisY(0,0) AxisY(1,0) AxisY(2,0) AxisY(3,0) AxisY(4,0) AxisY(5,0) AxisY(6,0) AxisY(7,0) AxisY(8,0) AxisY(9,0) AxisY(10,0) AxisY(11,0) AxisY(12,0) AxisY(13,0) AxisX(0)} -range {{-1.25 1.75 } {-1.25 1.75 } {-1.25 1.75 } {-1.25 1.75 } {-1.25 1.75 } {-1.25 1.75 } {-1.25 1.75 } {-0.575 1.525 } {-0.575 1.525 } {-0.575 1.525 } {-0.575 1.525 } {-1.25 1.75 } {-1.25 1.75 } {-0.5 0.7 } {-1.3u 3.9u }}
Graph axisconfig {AxisY(0,0) AxisY(1,0) AxisY(2,0) AxisY(3,0) AxisY(4,0) AxisY(5,0) AxisY(6,0) AxisY(7,0) AxisY(8,0) AxisY(9,0) AxisY(10,0) AxisY(11,0) AxisY(12,0) AxisY(13,0) AxisX(0)} -range {{-4.0 4.0 } {-4.0 4.0 } {-4.0 4.0 } {-4.0 4.0 } {-4.0 4.0 } {-4.0 4.0 } {-4.0 4.0 } {-2.5 3.5 } {-2.5 3.5 } {-2.5 3.5 } {-2.5 3.5 } {-4.0 4.0 } {-4.0 4.0 } {-2.0 2.0 } {-4.25u 6.75u }}
Graph axisconfig {AxisX(0) AxisY(0,0) AxisY(1,0) AxisY(10,0) AxisY(11,0) AxisY(12,0) AxisY(13,0) AxisY(2,0) AxisY(3,0) AxisY(4,0) AxisY(5,0) AxisY(6,0) AxisY(7,0) AxisY(8,0) AxisY(9,0)} -range {all all all all all all all all all all all all all all all} -zoomed {0 0 0 0 0 0 0 0 0 0 0 0 0 0 0}
wm geometry .sigmgr 467x236+1424+100
wm geometry .sigmgr 467x236+1426+99
wm geometry .sigmgr 467x236+1429+97
wm geometry .sigmgr 467x236+1431+95
wm geometry .sigmgr 467x236+1432+94
wm geometry .sigmgr 467x236+1443+94
wm geometry .sigmgr 467x236+1443+93
wm geometry .sigmgr 467x236+1443+92
wm geometry .sigmgr 467x236+1443+91
wm geometry .sigmgr 467x236+1432+91
wm geometry .sigmgr 467x236+1429+90
wm geometry .sigmgr 467x236+1426+89
wm geometry .sigmgr 467x236+1424+87
wm geometry .sigmgr 467x236+1419+85
wm geometry .sigmgr 467x236+1415+84
wm geometry .sigmgr 467x236+1413+83
wm geometry .sigmgr 467x236+1410+82
wm geometry .sigmgr 467x236+1409+82
wm geometry .sigmgr 467x236+1408+82
Graph:DSel
.frame1.mdi.mdi3.work.graph2 save -file /filespace/w/wsan3/School/ece555-ss/neuron_waves.png -format png  -x 0 -y 0 -w 1453 -h 1382 -colormode color
wm geometry .sigmgr 467x236+1418+80
wm geometry .sigmgr 467x236+1420+80
wm geometry .sigmgr 467x236+1422+79
wm geometry .sigmgr 467x236+1427+78
wm geometry .sigmgr 467x236+1428+77
wm geometry .sigmgr 467x236+1429+77
wm geometry .sigmgr 467x236+1430+77
wm geometry .sigmgr 467x236+1431+76
wm geometry .sigmgr 467x236+1432+76
wm geometry .sigmgr 467x236+1443+76
wm geometry .sigmgr 467x236+1432+76
wm geometry .sigmgr 467x236+1431+77
wm geometry .sigmgr 467x236+1431+78
wm geometry .sigmgr 467x236+1429+78
wm geometry .sigmgr 467x236+1428+79
wm geometry .sigmgr 467x236+1427+80
wm geometry .sigmgr 467x236+1426+80
wm geometry .sigmgr 467x236+1425+81
Graph:SaveGraph Graph2 /filespace/w/wsan3/ece555/ECE555/NEURON_copy/waves-again 0
Mdi:ArrangeIcons
wm geometry . 1465x1071+0+43
Mdi:ArrangeIcons
wm geometry . 1465x1071+16+62
Mdi:ArrangeIcons
wm geometry . 1465x1071+26+62
Mdi:ArrangeIcons
wm geometry . 1465x1071+33+76
Mdi:ArrangeIcons
wm geometry . 1465x1071+45+92
Mdi:ArrangeIcons
wm geometry . 1465x1071+58+115
Mdi:ArrangeIcons
wm geometry . 1465x1071+77+149
Mdi:ArrangeIcons
wm geometry . 1465x1071+91+173
Mdi:ArrangeIcons
wm geometry . 1465x1071+119+219
Mdi:ArrangeIcons
Mdi:ArrangeIcons
wm geometry . 1465x1071+141+259
Mdi:ArrangeIcons
wm geometry . 1465x1071+158+287
Mdi:ArrangeIcons
wm geometry . 1465x1071+171+311
Mdi:ArrangeIcons
wm geometry . 1465x1071+183+330
Mdi:ArrangeIcons
wm geometry . 1465x1071+191+344
Mdi:ArrangeIcons
wm geometry . 1465x1071+196+357
Mdi:ArrangeIcons
wm geometry . 1465x1071+202+368
Mdi:ArrangeIcons
wm geometry . 1465x1071+204+374
Mdi:ArrangeIcons
wm geometry . 1465x1071+206+378
Mdi:ArrangeIcons
wm geometry . 1465x1071+207+380
Mdi:ArrangeIcons
wm geometry . 1465x1071+208+381
Mdi:ArrangeIcons
wm geometry . 1465x1071+208+382
Mdi:ArrangeIcons
wm geometry . 1465x1071+211+382
Mdi:ArrangeIcons
wm geometry . 1465x1071+216+381
Mdi:ArrangeIcons
Mdi:ArrangeIcons
wm geometry . 1465x1071+216+378
Mdi:ArrangeIcons
wm geometry . 1465x1071+214+370
Mdi:ArrangeIcons
wm geometry . 1465x1071+203+348
Mdi:ArrangeIcons
wm geometry . 1465x1071+191+322
Mdi:ArrangeIcons
wm geometry . 1465x1071+179+294
Mdi:ArrangeIcons
wm geometry . 1465x1071+173+280
Mdi:ArrangeIcons
wm geometry . 1465x1071+167+258
Mdi:ArrangeIcons
Mdi:ArrangeIcons
wm geometry . 1465x1071+163+240
Mdi:ArrangeIcons
Mdi:ArrangeIcons
wm geometry . 1465x1071+160+227
Mdi:ArrangeIcons
wm geometry . 1465x1071+157+213
Mdi:ArrangeIcons
wm geometry . 1465x1071+156+204
Mdi:ArrangeIcons
wm geometry . 1465x1071+154+195
Mdi:ArrangeIcons
wm geometry . 1465x1071+152+188
Mdi:ArrangeIcons
wm geometry . 1465x1071+151+183
Mdi:ArrangeIcons
wm geometry . 1465x1071+148+178
Mdi:ArrangeIcons
wm geometry . 1465x1071+143+171
Mdi:ArrangeIcons
wm geometry . 1465x1071+136+162
Mdi:ArrangeIcons
wm geometry . 1465x1071+130+153
Mdi:ArrangeIcons
wm geometry . 1465x1071+125+149
Mdi:ArrangeIcons
wm geometry . 1465x1071+113+137
Mdi:ArrangeIcons
Mdi:ArrangeIcons
wm geometry . 1465x1071+102+126
Mdi:ArrangeIcons
Mdi:ArrangeIcons
wm geometry . 1465x1071+92+117
Mdi:ArrangeIcons
wm geometry . 1465x1071+84+110
Mdi:ArrangeIcons
wm geometry . 1465x1071+78+104
Mdi:ArrangeIcons
wm geometry . 1465x1071+68+95
Mdi:ArrangeIcons
wm geometry . 1465x1071+58+88
Mdi:ArrangeIcons
wm geometry . 1465x1071+49+82
Mdi:ArrangeIcons
wm geometry . 1465x1071+44+78
Mdi:ArrangeIcons
wm geometry . 1465x1071+40+74
Mdi:ArrangeIcons
wm geometry . 1465x1071+34+62
Mdi:ArrangeIcons
wm geometry . 1465x1071+29+62
Mdi:ArrangeIcons
wm geometry . 1465x1071+27+62
Mdi:ArrangeIcons
wm geometry . 1465x1071+24+62
Mdi:ArrangeIcons
Mdi:ArrangeIcons
wm geometry . 1465x1071+22+62
Mdi:ArrangeIcons
Mdi:ArrangeIcons
wm geometry . 1465x1071+20+62
Mdi:ArrangeIcons
wm geometry . 1465x1071+18+62
Mdi:ArrangeIcons
wm geometry . 1465x1071+17+51
Mdi:ArrangeIcons
wm geometry . 1465x1071+17+49
Mdi:ArrangeIcons
wm geometry . 1465x1071+16+48
Mdi:ArrangeIcons
wm geometry . 1465x1071+16+47
Mdi:ArrangeIcons
wm geometry . 1465x1071+15+45
Mdi:ArrangeIcons
wm geometry . 1465x1071+15+43
Mdi:ArrangeIcons
wm geometry . 1465x1071+15+42
Mdi:ArrangeIcons
wm geometry . 1465x1071+15+31
Mdi:ArrangeIcons
wm geometry . 1465x1071+14+31
Mdi:ArrangeIcons
wm geometry . 1465x1071+13+31
Mdi:ArrangeIcons
wm geometry . 1465x1071+12+31
Mdi:ArrangeIcons
wm geometry . 1465x1071+0+31
Mdi:ArrangeIcons
wm geometry . 1477x1071+0+31
Mdi:ArrangeIcons
wm geometry . 1504x1071+0+31
Mdi:ArrangeIcons
wm geometry . 1513x1071+0+31
Mdi:ArrangeIcons
wm geometry . 1535x1071+0+31
Mdi:ArrangeIcons
wm geometry . 1549x1071+0+31
Mdi:ArrangeIcons
wm geometry . 1551x1071+0+31
Mdi:ArrangeIcons
wm geometry . 1559x1071+0+31
Mdi:ArrangeIcons
wm geometry . 1561x1071+0+31
Mdi:ArrangeIcons
wm geometry . 1563x1071+0+31
Mdi:ArrangeIcons
wm geometry . 1567x1071+0+31
Mdi:ArrangeIcons
wm geometry . 1569x1071+0+31
Mdi:ArrangeIcons
wm geometry . 1570x1071+0+31
Mdi:ArrangeIcons
wm geometry . 1572x1071+0+31
Mdi:ArrangeIcons
wm geometry . 1574x1071+0+31
Mdi:ArrangeIcons
wm geometry . 1576x1071+0+31
Mdi:ArrangeIcons
wm geometry . 1575x1071+0+31
Mdi:ArrangeIcons
wm geometry . 1574x1071+0+31
Mdi:ArrangeIcons
wm geometry . 1563x1071+0+31
Mdi:ArrangeIcons
wm geometry . 1554x1071+0+31
Mdi:ArrangeIcons
wm geometry . 1547x1071+0+31
Mdi:ArrangeIcons
wm geometry . 1527x1071+0+31
Mdi:ArrangeIcons
wm geometry . 1510x1071+0+31
Mdi:ArrangeIcons
wm geometry . 1506x1071+0+31
Mdi:ArrangeIcons
wm geometry . 1493x1071+0+31
Mdi:ArrangeIcons
wm geometry . 1465x1071+0+31
Mdi:ArrangeIcons
wm geometry . 1462x1071+0+31
Mdi:ArrangeIcons
wm geometry . 1460x1071+0+31
Mdi:ArrangeIcons
wm geometry . 1459x1071+0+31
Mdi:ArrangeIcons
wm geometry . 1457x1071+0+31
Mdi:ArrangeIcons
wm geometry . 1456x1071+0+31
Graph:Select Graph2
Graph:DSel
Graph itemselect Signal9 add
# Signal9
Graph sigconfig Signal9 -region 10 -rgnindex 1
Graph:DSel
Graph itemselect Signal8 add
# Signal8
Graph sigconfig {Signal8 Signal9} -region {9 9} -rgnindex {1 2}
Graph:DSel
Graph itemselect Signal7 add
# Signal7
Graph:DSel
Graph itemselect Signal8 add
# Signal8
Graph sigconfig Signal8 -region 7 -rgnindex 1
Graph:DSel
Graph itemselect Signal7 add
# Signal7
Graph sigconfig Signal7 -region 7 -rgnindex 2
Graph:DSel
Graph itemselect Signal5 add
# Signal5
Graph sigconfig Signal5 -region 6 -rgnindex 1
Graph:DSel
Graph itemselect Signal4 add
# Signal4
Graph sigconfig {Signal4 Signal5} -region {5 5} -rgnindex {1 2}
Graph itemselect Signal4 add
# Signal4
Graph sigconfig Signal4 -region 4 -rgnindex 3
Graph:DSel
Graph itemselect Signal2 add
# Signal2
Graph sigconfig Signal2 -region 3 -rgnindex 1
Graph:DSel
Graph itemselect Signal0 add
# Signal0
Graph sigconfig Signal0 -region 1 -rgnindex 1
Graph:DSel
Graph axisconfig {AxisY(7,0) AxisX(0)} -range {{0.34842742192965 -0.12646862332605} {1.12613u 1.29713u}}
Graph:DSel
Graph axisconfig {AxisX(0) AxisY(0,0) AxisY(1,0) AxisY(2,0) AxisY(3,0) AxisY(4,0) AxisY(5,0) AxisY(6,0) AxisY(7,0)} -range {all all all all all all all all all} -zoomed {0 0 0 0 0 0 0 0 0}
Graph:DSel
Graph:Select Graph2
Graph axisconfig {AxisY(7,0) AxisX(0)} -range {{0.34112132892571 -0.12646862332605} {186.614n 1.05571u}}
Graph:DSel
Graph:DSel
Graph:DSel
Graph axisconfig {AxisY(7,0) AxisX(0)} -range {{0.42148835196898 -2.0479710833606} {183.381249n 353.610537n}}
Graph axisconfig {AxisX(0) AxisY(0,0) AxisY(1,0) AxisY(2,0) AxisY(3,0) AxisY(4,0) AxisY(5,0) AxisY(6,0) AxisY(7,0)} -range {all all all all all all all all all} -zoomed {0 0 0 0 0 0 0 0 0}
Graph:DSel
Graph axisconfig {AxisY(7,0) AxisX(0)} -range {{0.37034570094145 -2.1283381064039} {82.0006n -36.6956n}}
Graph axisconfig {AxisX(0) AxisY(0,0) AxisY(1,0) AxisY(2,0) AxisY(3,0) AxisY(4,0) AxisY(5,0) AxisY(6,0) AxisY(7,0)} -range {all all all all all all all all all} -zoomed {0 0 0 0 0 0 0 0 0}
Graph:DSel
Graph axisconfig {AxisY(7,0) AxisX(0)} -range {{0.39957007295718 -2.1575624784196} {142.355n -58.8254n}}
Graph axisconfig AxisX(0) -range {37.5n 262.5n exact}
Graph axisconfig AxisX(0) -range {150n 375n exact}
Graph axisconfig AxisX(0) -range {37.5n 262.5n exact}
Graph axisconfig AxisX(0) -range {-75n 150n exact}
Graph axisconfig AxisX(0) -range {37.5n 262.5n exact}
Graph axisconfig AxisX(0) -range {-75n 150n exact}
Graph axisconfig AxisX(0) -range {37.5n 262.5n exact}
Graph axisconfig AxisX(0) -range {-75n 150n exact}
Graph axisconfig AxisX(0) -range {37.5n 262.5n exact}
Mdi:Resize 1446 946
Mdi:Move 0 0
Graph:DSel
Graph:DSel
Graph:Select Graph2
Graph axisconfig {AxisY(7,0) AxisX(0)} -range {{1.5566603408395 -36.053904842538} {37.9804767n 160.371466n}}
Graph axisconfig AxisX(0) -range {-40n 100n exact}
Graph axisconfig AxisX(0) -range {30n 170n exact}
Graph axisconfig AxisX(0) -range {-40n 100n exact}
Graph axisconfig {AxisY(0,0) AxisY(1,0) AxisY(2,0) AxisY(3,0) AxisY(4,0) AxisY(5,0) AxisY(6,0) AxisY(7,0) AxisX(0)} -range {{-1.25 1.75 } {-1.25 1.75 } {-0.8 1.6 } {-0.575 1.525 } {-0.575 1.525 } {-1.25 1.75 } {-1.25 1.75 } {-70.0 50.0 } {-110n 170n }}
Graph axisconfig {AxisY(0,0) AxisY(1,0) AxisY(2,0) AxisY(3,0) AxisY(4,0) AxisY(5,0) AxisY(6,0) AxisY(7,0) AxisX(0)} -range {{-0.68 0.64 } {-0.68 0.64 } {-0.01 0.98 } {-0.01 0.98 } {-0.01 0.98 } {-0.68 0.64 } {-0.68 0.64 } {-34.0 32.0 } {-34.5n 81n }}
Graph axisconfig AxisX(0) -range {30n 170n exact}
Graph axisconfig AxisX(0) -range {-40n 100n exact}
Graph axisconfig AxisX(0) -range {30n 170n exact}
Graph:DSel
Graph:DSel
Graph:Select Graph2
Graph axisconfig AxisX(0) -range {-40n 100n exact}
Graph:DSel
Graph:DSel
Graph:Select Graph2
Graph axisconfig AxisX(0) -range {30n 170n exact}
Graph:DSel
Graph:DSel
Graph itemselect Signal13 add
# Signal13
Graph itemselect Signal13 rem
Graph delsignal Signal13
Graph:DSel
.frame1.mdi.mdi3.work.graph2 save -file /filespace/w/wsan3/School/ece555-ss/waves-zoomed.png -format png  -x 0 -y 0 -w 1444 -h 1052 -colormode color
