ScopeSigMgr:loadpffile /filespace/t/thenarasu/ece555/ECE555/Multiplexer/testmux.tr0 1 openonly
# PF:1
wm geometry .sigmgr._PF:1 290x358+960+600
pf:read PF:1 v(s) v(a) v(b) v(f) v(vdd) v(vss)
# WF:1:1 WF:1:2 WF:1:3 WF:1:4 WF:1:5 WF:1:6
Graph addsignal {WF:1:1 WF:1:2 WF:1:3 WF:1:4 WF:1:5 WF:1:6} -region {new new new new new new} -yview {real(y) real(y) real(y) real(y) real(y) real(y)} -xview {real(x) real(x) real(x) real(x) real(x) real(x)} -tracehi {2 2 2 2 2 2}
# Signal0 Signal1 Signal2 Signal3 Signal4 Signal5
Mdi:Resize 635 539
Mdi:Move 5 5
wm geometry .sigmgr 467x236+439+198
wm geometry .sigmgr 467x236+448+198
wm geometry .sigmgr 467x236+462+199
wm geometry .sigmgr 467x236+483+202
wm geometry .sigmgr 467x236+506+204
wm geometry .sigmgr 467x236+524+207
wm geometry .sigmgr 467x236+535+208
wm geometry .sigmgr 467x236+541+208
wm geometry .sigmgr 467x236+546+208
wm geometry .sigmgr 467x236+551+208
wm geometry .sigmgr 467x236+552+208
wm geometry .sigmgr 467x236+553+208
wm geometry .sigmgr 467x236+554+208
wm geometry .sigmgr 467x236+556+208
wm geometry .sigmgr 467x236+561+208
wm geometry .sigmgr 467x236+567+208
wm geometry .sigmgr 467x236+577+208
wm geometry .sigmgr 467x236+612+213
wm geometry .sigmgr 467x236+646+221
wm geometry .sigmgr 467x236+687+231
wm geometry .sigmgr 467x236+709+237
wm geometry .sigmgr 467x236+755+249
wm geometry .sigmgr 467x236+792+256
wm geometry .sigmgr 467x236+805+261
wm geometry .sigmgr 467x236+806+261
wm geometry .sigmgr 467x236+807+261
wm geometry .sigmgr 467x236+808+261
wm geometry .sigmgr 467x236+811+261
wm geometry .sigmgr 467x236+821+261
wm geometry .sigmgr 467x236+837+261
wm geometry .sigmgr 467x236+844+261
wm geometry .sigmgr 467x236+864+264
wm geometry .sigmgr 467x236+880+267
wm geometry .sigmgr 467x236+887+268
wm geometry .sigmgr 467x236+889+268
wm geometry .sigmgr 467x236+890+268
wm geometry .sigmgr 467x236+891+268
wm geometry .sigmgr 467x236+892+268
wm geometry .sigmgr 467x236+893+267
wm geometry .sigmgr 467x236+893+265
wm geometry .sigmgr 467x236+894+265
wm geometry .sigmgr 467x236+894+264
Mdi:Resize 635 615
Mdi:Move 5 5
Mdi:Resize 635 644
Mdi:Move 5 5
Mdi:Resize 765 637
Mdi:Move 5 5
pf:read PF:1 v(s__)
# WF:1:7
Graph addsignal WF:1:7 -region new -yview real(y) -xview real(x) -tracehi 2
# Signal6
Graph:DSel
Graph:Select Graph0
Graph:DSel
ScopeSigMgr:Reload 0 {{(1) testmux.tr0}}
Mdi:ArrangeIcons
wm geometry . 927x785+0+85
Mdi:ArrangeIcons
wm geometry . 1018x785+0+85
Mdi:ArrangeIcons
wm geometry . 1124x785+0+85
Mdi:ArrangeIcons
wm geometry . 1186x785+0+85
Mdi:ArrangeIcons
wm geometry . 1203x785+0+85
Mdi:ArrangeIcons
wm geometry . 1204x785+0+85
Mdi:ArrangeIcons
wm geometry . 1205x785+0+85
Mdi:Resize 983 637
Mdi:Move 5 5
wm geometry .sigmgr._PF:1 290x358+965+588
wm geometry .sigmgr._PF:1 290x358+966+582
wm geometry .sigmgr._PF:1 290x358+967+579
wm geometry .sigmgr._PF:1 290x358+969+574
wm geometry .sigmgr._PF:1 290x358+971+568
wm geometry .sigmgr._PF:1 290x358+976+558
wm geometry .sigmgr._PF:1 290x358+982+550
wm geometry .sigmgr._PF:1 290x358+1004+539
wm geometry .sigmgr._PF:1 290x358+1041+527
wm geometry .sigmgr._PF:1 290x358+1073+516
wm geometry .sigmgr._PF:1 290x358+1097+508
wm geometry .sigmgr._PF:1 290x358+1118+501
wm geometry .sigmgr._PF:1 290x358+1131+494
wm geometry .sigmgr._PF:1 290x358+1137+489
wm geometry .sigmgr._PF:1 290x358+1142+485
wm geometry .sigmgr._PF:1 290x358+1144+482
wm geometry .sigmgr._PF:1 290x358+1148+478
wm geometry .sigmgr._PF:1 290x358+1151+474
wm geometry .sigmgr._PF:1 290x358+1154+470
wm geometry .sigmgr._PF:1 290x358+1155+466
wm geometry .sigmgr._PF:1 290x358+1156+463
wm geometry .sigmgr._PF:1 290x358+1157+461
wm geometry .sigmgr._PF:1 290x358+1158+459
wm geometry .sigmgr._PF:1 290x358+1159+456
wm geometry .sigmgr._PF:1 290x358+1160+454
wm geometry .sigmgr._PF:1 290x358+1160+451
wm geometry .sigmgr._PF:1 290x358+1160+448
wm geometry .sigmgr._PF:1 290x358+1160+447
wm geometry .sigmgr._PF:1 290x358+1160+444
wm geometry .sigmgr._PF:1 290x358+1160+440
wm geometry .sigmgr._PF:1 290x358+1160+436
wm geometry .sigmgr._PF:1 290x358+1160+433
wm geometry .sigmgr._PF:1 290x358+1160+431
wm geometry .sigmgr._PF:1 290x358+1159+429
wm geometry .sigmgr._PF:1 290x358+1158+427
wm geometry .sigmgr._PF:1 290x358+1158+425
wm geometry .sigmgr._PF:1 290x358+1157+422
wm geometry .sigmgr._PF:1 290x358+1155+420
wm geometry .sigmgr._PF:1 290x358+1155+419
wm geometry .sigmgr._PF:1 290x358+1154+418
wm geometry .sigmgr._PF:1 290x358+1153+418
wm geometry .sigmgr._PF:1 290x358+1153+417
Graph:DSel
Graph:Select Graph0
Graph axisconfig AxisY(1,0) -range {0.83592880579459 1.2284021941131}
Graph:DSel
Graph axisconfig AxisY(1,0) -range {1.1450506045375 0.8506955632986}
Graph:DSel
Graph axisconfig AxisY(1,0) -range {1.0066722251489 0.66092185924923}
Graph axisconfig {AxisX(0) AxisY(0,0) AxisY(1,0) AxisY(2,0) AxisY(3,0) AxisY(4,0)} -range {all all all all all all} -zoomed {0 0 0 0 0 0}
Graph:DSel
ScopeSigMgr:Reload 0 {{(1) testmux.tr0}}
Graph:DSel
Graph:Select Graph0
Graph axisconfig {AxisY(3,0) AxisX(0)} -range {{0.36043943586623 1.2715383730343} {3.23436n 3.53424n}}
Graph axisconfig {AxisX(0) AxisY(0,0) AxisY(1,0) AxisY(2,0) AxisY(3,0) AxisY(4,0)} -range {all all all all all all} -zoomed {0 0 0 0 0 0}
